<?xml version="1.0" encoding="UTF-8"?>
<!-- Generated by org.testng.reporters.JUnitReportReporter -->
<testsuite hostname="LAPTOP-VPVH4IKM" failures="0" tests="3" name="tng.DependsOnMethod" time="0.014" errors="0" timestamp="2021-10-05T15:14:32 IST" skipped="0">
  <testcase classname="tng.DependsOnMethod" name="amethod" time="0.001"/>
  <system-out/>
  <testcase classname="tng.DependsOnMethod" name="cmethod" time="0.002"/>
  <system-out/>
  <testcase classname="tng.DependsOnMethod" name="bmethod" time="0.011"/>
  <system-out/>
</testsuite> <!-- tng.DependsOnMethod -->
