<?xml version="1.0" encoding="UTF-8"?>
<!-- Generated by org.testng.reporters.JUnitReportReporter -->
<testsuite hostname="LAPTOP-VPVH4IKM" failures="0" tests="1" name="tng.methodClass" time="0.008" errors="0" timestamp="2021-10-05T14:55:27 IST" skipped="0">
  <testcase classname="tng.methodClass" name="add_cust" time="0.008"/>
  <system-out/>
</testsuite> <!-- tng.methodClass -->
