<?xml version="1.0" encoding="UTF-8"?>
<!-- Generated by org.testng.reporters.JUnitReportReporter -->
<testsuite hostname="LAPTOP-VPVH4IKM" failures="0" tests="3" name="tng.Parameter_DP" time="3.029" errors="0" timestamp="2021-10-06T10:35:47 IST" skipped="0">
  <testcase classname="tng.Parameter_DP" name="testMethod" time="1.013"/>
  <system-out/>
  <testcase classname="tng.Parameter_DP" name="testMethod" time="1.007"/>
  <system-out/>
  <testcase classname="tng.Parameter_DP" name="testMethod" time="1.009"/>
  <system-out/>
</testsuite> <!-- tng.Parameter_DP -->
