<?xml version="1.0" encoding="UTF-8"?>
<!-- Generated by org.testng.reporters.JUnitReportReporter -->
<testsuite hostname="LAPTOP-VPVH4IKM" failures="0" tests="1" name="tng.parameterXML" time="0.005" errors="0" timestamp="2021-10-05T22:19:46 IST" skipped="0">
  <testcase classname="tng.parameterXML" name="check_para" time="0.005"/>
  <system-out/>
</testsuite> <!-- tng.parameterXML -->
