<?xml version="1.0" encoding="UTF-8"?>
<!-- Generated by org.testng.reporters.JUnitReportReporter -->
<testsuite hostname="LAPTOP-VPVH4IKM" failures="0" tests="1" name="tngSecond.SecondClass" time="0.002" errors="0" timestamp="2021-10-05T22:19:46 IST" skipped="0">
  <testcase classname="tngSecond.SecondClass" name="Add_Cust" time="0.002"/>
  <system-out/>
</testsuite> <!-- tngSecond.SecondClass -->
