<?xml version="1.0" encoding="UTF-8"?>
<!-- Generated by org.testng.reporters.JUnitReportReporter -->
<testsuite hostname="LAPTOP-VPVH4IKM" failures="0" tests="4" name="tng.Testing_Check" time="0.019" errors="0" timestamp="2021-10-05T22:19:46 IST" skipped="1">
  <testcase classname="tng.Testing_Check" name="add_cust2" time="0.002"/>
  <system-out/>
  <testcase classname="tng.Testing_Check" name="add_cust3" time="0.007"/>
  <system-out/>
  <testcase classname="tng.Testing_Check" name="add_cust" time="0.010"/>
  <system-out/>
  <testcase classname="tng.Testing_Check" name="add_cust4">
    <skipped/>
  </testcase> <!-- add_cust4 -->
  <system-out/>
</testsuite> <!-- tng.Testing_Check -->
