<?xml version="1.0" encoding="UTF-8"?>
<!-- Generated by org.testng.reporters.JUnitReportReporter -->
<testsuite hostname="LAPTOP-VPVH4IKM" failures="0" tests="4" name="tng.ParallelTest" time="4.058" errors="0" timestamp="2021-10-06T11:13:37 IST" skipped="0">
  <testcase classname="tng.ParallelTest" name="D_TestMethod" time="1.017"/>
  <system-out/>
  <testcase classname="tng.ParallelTest" name="A_TestMethod" time="1.020"/>
  <system-out/>
  <testcase classname="tng.ParallelTest" name="C_TestMethod" time="1.009"/>
  <system-out/>
  <testcase classname="tng.ParallelTest" name="B_TestMethod" time="1.012"/>
  <system-out/>
</testsuite> <!-- tng.ParallelTest -->
