<?xml version="1.0" encoding="UTF-8"?>
<!-- Generated by org.testng.reporters.JUnitReportReporter -->
<testsuite hostname="LAPTOP-VPVH4IKM" failures="0" tests="2" name="tng.Multple_Browser" time="32.504" errors="0" timestamp="2021-10-06T17:49:55 IST" skipped="0">
  <testcase classname="tng.Multple_Browser" name="login" time="17.345"/>
  <system-out/>
  <testcase classname="tng.Multple_Browser" name="login" time="15.159"/>
  <system-out/>
</testsuite> <!-- tng.Multple_Browser -->
