<?xml version="1.0" encoding="UTF-8"?>
<!-- Generated by org.testng.reporters.JUnitReportReporter -->
<testsuite hostname="LAPTOP-VPVH4IKM" failures="0" tests="1" name="mvn.mvnproject.test" time="0.008" errors="0" timestamp="2021-10-06T15:56:31 IST" skipped="0">
  <testcase classname="mvn.mvnproject.test" name="mvnTest" time="0.008"/>
  <system-out/>
</testsuite> <!-- mvn.mvnproject.test -->
