<?xml version="1.0" encoding="UTF-8"?>
<!-- Generated by org.testng.reporters.JUnitReportReporter -->
<testsuite hostname="LAPTOP-VPVH4IKM" failures="0" tests="3" name="mvn.mvnproject.Rediff_LogIn" time="148.746" errors="0" timestamp="2021-10-07T11:48:15 IST" skipped="0">
  <testcase classname="mvn.mvnproject.Rediff_LogIn" name="redifftitletest" time="36.045"/>
  <system-out/>
  <testcase classname="mvn.mvnproject.Rediff_LogIn" name="rediffmoneyLoginTest" time="25.124"/>
  <system-out/>
  <testcase classname="mvn.mvnproject.Rediff_LogIn" name="rediffmoneytest" time="87.577"/>
  <system-out/>
</testsuite> <!-- mvn.mvnproject.Rediff_LogIn -->
