<?xml version="1.0" encoding="UTF-8"?>
<!-- Generated by org.testng.reporters.JUnitReportReporter -->
<testsuite hostname="LAPTOP-VPVH4IKM" failures="0" tests="1" name="com.ddf.test.LoginTest.loginTest_v3_1_xml" time="62.673" errors="0" timestamp="2021-10-16T16:38:28 IST" skipped="0">
  <testcase classname="com.ddf.test.LoginTest.loginTest_v3_1_xml" name="testOne" time="62.673"/>
  <system-out/>
</testsuite> <!-- com.ddf.test.LoginTest.loginTest_v3_1_xml -->
