<?xml version="1.0" encoding="UTF-8"?>
<!-- Generated by org.testng.reporters.JUnitXMLReporter -->
<testsuite ignored="0" hostname="LAPTOP-VPVH4IKM" failures="0" tests="4" name="Test-method test" time="2.098" errors="0" timestamp="2021-10-06T11:12:46 IST">
  <testcase classname="tng.ParallelTest" name="A_TestMethod" time="1.015"/>
  <testcase classname="tng.ParallelTest" name="B_TestMethod" time="1.018"/>
  <testcase classname="tng.ParallelTest" name="C_TestMethod" time="1.014"/>
  <testcase classname="tng.ParallelTest" name="D_TestMethod" time="1.01"/>
</testsuite> <!-- Test-method test -->
